<?xml version="1.0" encoding="UTF-8"?>
<!-- Generated by org.testng.reporters.JUnitXMLReporter -->
<testsuite ignored="0" hostname="SnowHound" failures="0" tests="3" name="Sample Test" time="0.119" errors="0" timestamp="2025-04-18T09:31:14 IST">
  <testcase classname="com.example.tests.SampleTest" name="Test1" time="0.017"/>
  <testcase classname="com.example.tests.SampleTest" name="Test1" time="0.002"/>
  <testcase classname="com.example.tests.SampleTest" name="firstTest" time="0.006"/>
</testsuite> <!-- Sample Test -->
