<?xml version="1.0" encoding="UTF-8"?>
<!-- Generated by org.testng.reporters.JUnitXMLReporter -->
<testsuite ignored="2" hostname="SnowHound" failures="0" tests="4" name="Sample Test" time="1.268" errors="0" timestamp="2025-04-18T14:53:34 IST">
  <testcase classname="com.example.tests.LoginTest" name="loginTest" time="0.029"/>
  <testcase classname="com.example.tests.LoginTest" name="loginTest" time="0.006"/>
  <testcase classname="com.example.tests.LoginTest" name="loginTest" time="0.005"/>
  <testcase classname="com.example.tests.LoginTest" name="loginTest" time="0.018"/>
  <testcase classname="com.example.tests.BaseTest" name="@BeforeSuite setupReport" time="0.0">
    <ignored/>
  </testcase> <!-- @BeforeSuite setupReport -->
  <testcase classname="com.example.tests.BaseTest" name="@AfterSuite tearDownReport" time="0.0">
    <ignored/>
  </testcase> <!-- @AfterSuite tearDownReport -->
</testsuite> <!-- Sample Test -->
