<?xml version="1.0" encoding="UTF-8"?>
<!-- Generated by org.testng.reporters.JUnitXMLReporter -->
<testsuite ignored="0" hostname="SnowHound" failures="0" tests="3" name="Default test" time="1.269" errors="0" timestamp="2025-04-18T10:04:03 IST">
  <testcase classname="com.example.tests.LoginTest" name="loginTest" time="0.015"/>
  <testcase classname="com.example.tests.LoginTest" name="loginTest" time="0.007"/>
  <testcase classname="com.example.tests.LoginTest" name="loginTest" time="0.007"/>
</testsuite> <!-- Default test -->
