<?xml version="1.0" encoding="UTF-8"?>
<!-- Generated by org.testng.reporters.JUnitXMLReporter -->
<testsuite ignored="0" hostname="SnowHound" failures="0" tests="4" name="Default test" time="1.165" errors="0" timestamp="2025-04-18T11:53:22 IST">
  <testcase classname="com.example.tests.LoginTest" name="loginTest" time="0.019"/>
  <testcase classname="com.example.tests.LoginTest" name="loginTest" time="0.005"/>
  <testcase classname="com.example.tests.LoginTest" name="loginTest" time="0.005"/>
  <testcase classname="com.example.tests.LoginTest" name="loginTest" time="0.003"/>
</testsuite> <!-- Default test -->
