<?xml version="1.0" encoding="UTF-8"?>
<testng-results ignored="0" total="4" passed="4" failed="0" skipped="0">
  <reporter-output>
  </reporter-output>
  <suite started-at="2025-04-18T11:54:46 IST" name="Sample Suite" finished-at="2025-04-18T11:54:47 IST" duration-ms="1149">
    <groups>
    </groups>
    <test started-at="2025-04-18T11:54:46 IST" name="Sample Test" finished-at="2025-04-18T11:54:47 IST" duration-ms="1149">
      <class name="com.example.tests.BaseTest">
        <test-method is-config="true" signature="setupReport()[pri:0, instance:com.example.tests.BaseTest@22555ebf]" started-at="2025-04-18T11:54:45 IST" name="setupReport" finished-at="2025-04-18T11:54:46 IST" duration-ms="408" status="PASS">
          <reporter-output>
          </reporter-output>
        </test-method> <!-- setupReport -->
        <test-method is-config="true" signature="tearDownReport()[pri:0, instance:com.example.tests.BaseTest@22555ebf]" started-at="2025-04-18T11:54:47 IST" name="tearDownReport" finished-at="2025-04-18T11:54:47 IST" duration-ms="440" status="PASS">
          <reporter-output>
          </reporter-output>
        </test-method> <!-- tearDownReport -->
      </class> <!-- com.example.tests.BaseTest -->
      <class name="com.example.tests.LoginTest">
        <test-method signature="loginTest()[pri:0, instance:com.example.tests.LoginTest@1573f9fc]" started-at="2025-04-18T11:54:46 IST" name="loginTest" finished-at="2025-04-18T11:54:46 IST" duration-ms="20" status="PASS">
          <reporter-output>
          </reporter-output>
        </test-method> <!-- loginTest -->
        <test-method signature="loginTest(java.lang.String,java.lang.String)[pri:0, instance:com.example.tests.LoginTest@1573f9fc]" started-at="2025-04-18T11:54:47 IST" name="loginTest" data-provider="excelData" finished-at="2025-04-18T11:54:47 IST" duration-ms="4" status="PASS">
          <params>
            <param index="0">
              <value>
                <![CDATA[user1]]>
              </value>
            </param>
            <param index="1">
              <value>
                <![CDATA[pass1]]>
              </value>
            </param>
          </params>
          <reporter-output>
          </reporter-output>
        </test-method> <!-- loginTest -->
        <test-method signature="loginTest(java.lang.String,java.lang.String)[pri:0, instance:com.example.tests.LoginTest@1573f9fc]" started-at="2025-04-18T11:54:47 IST" name="loginTest" data-provider="excelData" finished-at="2025-04-18T11:54:47 IST" duration-ms="9" status="PASS">
          <params>
            <param index="0">
              <value>
                <![CDATA[user2]]>
              </value>
            </param>
            <param index="1">
              <value>
                <![CDATA[pass2]]>
              </value>
            </param>
          </params>
          <reporter-output>
          </reporter-output>
        </test-method> <!-- loginTest -->
        <test-method signature="loginTest(java.lang.String,java.lang.String)[pri:0, instance:com.example.tests.LoginTest@1573f9fc]" started-at="2025-04-18T11:54:47 IST" name="loginTest" data-provider="excelData" finished-at="2025-04-18T11:54:47 IST" duration-ms="2" status="PASS">
          <params>
            <param index="0">
              <value>
                <![CDATA[user3]]>
              </value>
            </param>
            <param index="1">
              <value>
                <![CDATA[pass3]]>
              </value>
            </param>
          </params>
          <reporter-output>
          </reporter-output>
        </test-method> <!-- loginTest -->
      </class> <!-- com.example.tests.LoginTest -->
    </test> <!-- Sample Test -->
  </suite> <!-- Sample Suite -->
</testng-results>
