<?xml version="1.0" encoding="UTF-8"?>
<testng-results ignored="2" total="6" passed="4" failed="0" skipped="0">
  <reporter-output>
  </reporter-output>
  <suite started-at="2025-04-18T14:53:33 IST" name="Sample Suite" finished-at="2025-04-18T14:53:34 IST" duration-ms="1268">
    <groups>
    </groups>
    <test started-at="2025-04-18T14:53:33 IST" name="Sample Test" finished-at="2025-04-18T14:53:34 IST" duration-ms="1268">
      <class name="com.example.tests.BaseTest">
        <test-method is-config="true" signature="setupReport()[pri:0, instance:com.example.tests.BaseTest@4fce136b]" started-at="2025-04-18T14:53:33 IST" name="setupReport" finished-at="2025-04-18T14:53:33 IST" duration-ms="349" status="PASS">
          <reporter-output>
          </reporter-output>
        </test-method> <!-- setupReport -->
        <test-method is-config="true" signature="tearDownReport()[pri:0, instance:com.example.tests.BaseTest@4fce136b]" started-at="2025-04-18T14:53:34 IST" name="tearDownReport" finished-at="2025-04-18T14:53:35 IST" duration-ms="482" status="PASS">
          <reporter-output>
          </reporter-output>
        </test-method> <!-- tearDownReport -->
      </class> <!-- com.example.tests.BaseTest -->
      <class name="com.example.tests.LoginTest">
        <test-method signature="loginTest()[pri:0, instance:com.example.tests.LoginTest@34f7234e]" started-at="2025-04-18T14:53:33 IST" name="loginTest" finished-at="2025-04-18T14:53:33 IST" duration-ms="29" status="PASS">
          <reporter-output>
          </reporter-output>
        </test-method> <!-- loginTest -->
        <test-method signature="loginTest(java.lang.String,java.lang.String)[pri:0, instance:com.example.tests.LoginTest@34f7234e]" started-at="2025-04-18T14:53:34 IST" name="loginTest" data-provider="excelData" finished-at="2025-04-18T14:53:34 IST" duration-ms="6" status="PASS">
          <params>
            <param index="0">
              <value>
                <![CDATA[user1]]>
              </value>
            </param>
            <param index="1">
              <value>
                <![CDATA[pass1]]>
              </value>
            </param>
          </params>
          <reporter-output>
          </reporter-output>
        </test-method> <!-- loginTest -->
        <test-method signature="loginTest(java.lang.String,java.lang.String)[pri:0, instance:com.example.tests.LoginTest@34f7234e]" started-at="2025-04-18T14:53:34 IST" name="loginTest" data-provider="excelData" finished-at="2025-04-18T14:53:34 IST" duration-ms="5" status="PASS">
          <params>
            <param index="0">
              <value>
                <![CDATA[user2]]>
              </value>
            </param>
            <param index="1">
              <value>
                <![CDATA[pass2]]>
              </value>
            </param>
          </params>
          <reporter-output>
          </reporter-output>
        </test-method> <!-- loginTest -->
        <test-method signature="loginTest(java.lang.String,java.lang.String)[pri:0, instance:com.example.tests.LoginTest@34f7234e]" started-at="2025-04-18T14:53:34 IST" name="loginTest" data-provider="excelData" finished-at="2025-04-18T14:53:34 IST" duration-ms="18" status="PASS">
          <params>
            <param index="0">
              <value>
                <![CDATA[user3]]>
              </value>
            </param>
            <param index="1">
              <value>
                <![CDATA[pass3]]>
              </value>
            </param>
          </params>
          <reporter-output>
          </reporter-output>
        </test-method> <!-- loginTest -->
      </class> <!-- com.example.tests.LoginTest -->
    </test> <!-- Sample Test -->
  </suite> <!-- Sample Suite -->
</testng-results>
